<?xml version="1.0" encoding="UTF-8"?>
<!-- Generated by org.testng.reporters.JUnitReportReporter -->
<testsuite hostname="RSK" failures="0" tests="4" name="Testpkg.OrangehrmTest" time="66.726" errors="0" timestamp="2024-11-13T10:36:50 GST" skipped="0">
  <testcase classname="Testpkg.OrangehrmTest" name="LoginTest" time="18.288"/>
  <system-out/>
  <testcase classname="Testpkg.OrangehrmTest" name="DashboardTest" time="6.723"/>
  <system-out/>
  <testcase classname="Testpkg.OrangehrmTest" name="PIMTest" time="29.645"/>
  <system-out/>
  <testcase classname="Testpkg.OrangehrmTest" name="LeaveTest" time="12.070"/>
  <system-out/>
</testsuite> <!-- Testpkg.OrangehrmTest -->
